<?xml version="1.0" encoding="UTF-8"?>
<!-- Generated by org.testng.reporters.JUnitReportReporter -->
<testsuite skipped="0" hostname="ACLA039P2850" name="com.masherqbank.runner.SingleFeatureRunner" tests="6" failures="0" timestamp="30 May 2019 19:50:47 GMT" time="81.570" errors="0">
  <testcase name="runScenario" time="4.854" classname="com.masherqbank.runner.SingleFeatureRunner"/>
  <testcase name="runScenario" time="40.215" classname="com.masherqbank.runner.SingleFeatureRunner"/>
  <testcase name="runScenario" time="4.903" classname="com.masherqbank.runner.SingleFeatureRunner"/>
  <testcase name="runScenario" time="9.124" classname="com.masherqbank.runner.SingleFeatureRunner"/>
  <testcase name="runScenario" time="16.180" classname="com.masherqbank.runner.SingleFeatureRunner"/>
  <testcase name="runScenario" time="6.294" classname="com.masherqbank.runner.SingleFeatureRunner"/>
</testsuite> <!-- com.masherqbank.runner.SingleFeatureRunner -->
