<?xml version="1.0" encoding="UTF-8"?>
<!-- Generated by org.testng.reporters.JUnitReportReporter -->
<testsuite skipped="0" hostname="INPF0XEXBZ" name="com.masherqbank.runner.RunnerClass" tests="6" failures="0" timestamp="31 May 2019 18:15:40 GMT" time="58.677" errors="0">
  <testcase name="runScenario" time="8.955" classname="com.masherqbank.runner.RunnerClass"/>
  <testcase name="runScenario" time="5.342" classname="com.masherqbank.runner.RunnerClass"/>
  <testcase name="runScenario" time="7.966" classname="com.masherqbank.runner.RunnerClass"/>
  <testcase name="runScenario" time="7.561" classname="com.masherqbank.runner.RunnerClass"/>
  <testcase name="runScenario" time="16.249" classname="com.masherqbank.runner.RunnerClass"/>
  <testcase name="runScenario" time="12.604" classname="com.masherqbank.runner.RunnerClass"/>
</testsuite> <!-- com.masherqbank.runner.RunnerClass -->
